1603575828979	geckodriver	INFO	Listening on 127.0.0.1:51420
1603575832516	mozrunner::runner	INFO	Running command: "C:\\Program Files\\Mozilla Firefox\\firefox.exe" "--marionette" "-foreground" "-no-remote" "-profile" "C:\\Users\\irisl\\AppData\\Local\\Temp\\rust_mozprofile9NZIDZ"
JavaScript error: resource://gre/modules/XULStore.jsm, line 66: Error: Can't find profile directory.
console.warn: SearchSettings: "get: No settings file exists, new profile?" (new Error("", "(unknown module)"))
1603575875025	Marionette	INFO	Listening on port 51430
JavaScript error: resource://gre/modules/XULStore.jsm, line 66: Error: Can't find profile directory.
JavaScript error: resource://gre/modules/XULStore.jsm, line 66: Error: Can't find profile directory.
JavaScript error: resource://gre/modules/XULStore.jsm, line 66: Error: Can't find profile directory.
JavaScript error: resource://gre/modules/XULStore.jsm, line 66: Error: Can't find profile directory.
1603575875578	Marionette	WARN	TLS certificate errors will be ignored for this session
Can't find symbol 'eglSwapBuffersWithDamageEXT'.
IPDL protocol error: Handler returned error code!

###!!! [Parent][DispatchAsyncMessage] Error: PLayerTransaction::Msg_ReleaseLayer Processing error: message was deserialized, but the handler returned false (indicating failure)

IPDL protocol error: Handler returned error code!

###!!! [Parent][DispatchAsyncMessage] Error: PLayerTransaction::Msg_ReleaseLayer Processing error: message was deserialized, but the handler returned false (indicating failure)


###!!! [Child][RunMessage] Error: Channel closing: too late to send/recv, messages will be lost


###!!! [Child][RunMessage] Error: Channel closing: too late to send/recv, messages will be lost

1603576036199	Marionette	INFO	Stopped listening on port 51430

###!!! [Child][RunMessage] Error: Channel closing: too late to send/recv, messages will be lost

1603576155732	geckodriver	INFO	Listening on 127.0.0.1:51581
1603576159748	mozrunner::runner	INFO	Running command: "C:\\Program Files\\Mozilla Firefox\\firefox.exe" "--marionette" "-foreground" "-no-remote" "-profile" "C:\\Users\\irisl\\AppData\\Local\\Temp\\rust_mozprofileNwlpo2"
JavaScript error: resource://gre/modules/XULStore.jsm, line 66: Error: Can't find profile directory.
console.warn: SearchSettings: "get: No settings file exists, new profile?" (new Error("", "(unknown module)"))
1603576198251	Marionette	INFO	Listening on port 51593
1603576206415	Marionette	WARN	TLS certificate errors will be ignored for this session
console.error: (new Error("SessionFile is closed", "resource:///modules/sessionstore/SessionFile.jsm", 433))
JavaScript error: resource:///modules/sessionstore/SessionStore.jsm, line 2274: TypeError: subject.QueryInterface is not a function
A content process crashed and MOZ_CRASHREPORTER_SHUTDOWN is set, shutting down
1603716355688	Marionette	INFO	Stopped listening on port 51593

###!!! [Child][MessageChannel::SendAndWait] Error: Channel error: cannot send/recv

(unknown module)"))
JavaScript error: resource://gre/modules/XULStore.jsm, line 66: Error: Can't find profile directory.
JavaScript error: resource://gre/modules/XULStore.jsm, line 66: Error: Can't find profile directory.
JavaScript error: resource://gre/modules/XULStore.jsm, line 66: Error: Can't find profile directory.
JavaScript error: resource://gre/modules/XULStore.jsm, line 66: Error: Can't find profile directory.
1603576639429	Marionette	INFO	Listening on port 51909
1603576640567	Marionette	WARN	TLS certificate errors will be ignored for this session
JavaScript error: , line 0: uncaught exception: Object
JavaScript error: , line 0: uncaught exception: Object
JavaScript error: resource:///modules/sessionstore/SessionStore.jsm, line 2274: TypeError: subject.QueryInterface is not a function
A content process crashed and MOZ_CRASHREPORTER_SHUTDOWN is set, shutting down
console.error: (new Error("SessionFile is closed", "resource:///modules/sessionstore/SessionFile.jsm", 433))
1603716363311	Marionette	INFO	Stopped listening on port 51909

###!!! [Child][MessageChannel::SendAndWait] Error: Channel error: cannot send/recv

c/base/process_util_win.cc, line 166
1603577334174	Marionette	INFO	Listening on port 52172
1603577335105	Marionette	WARN	TLS certificate errors will be ignored for this session

###!!! [Child][RunMessage] Error: Channel closing: too late to send/recv, messages will be lost

1603577451790	Marionette	INFO	Stopped listening on port 52172

###!!! [Child][MessageChannel::SendAndWait] Error: Channel error: cannot send/recv

Temp\\rust_mozprofile83CTrg"
JavaScript error: resource://gre/modules/XULStore.jsm, line 66: Error: Can't find profile directory.
console.warn: SearchSettings: "get: No settings file exists, new profile?" (new Error("", "(unknown module)"))
JavaScript error: resource://gre/modules/XULStore.jsm, line 66: Error: Can't find profile directory.
JavaScript error: resource://gre/modules/XULStore.jsm, line 66: Error: Can't find profile directory.
JavaScript error: resource://gre/modules/XULStore.jsm, line 66: Error: Can't find profile directory.
JavaScript error: resource://gre/modules/XULStore.jsm, line 66: Error: Can't find profile directory.
1603577462082	Marionette	INFO	Listening on port 52283

###!!! [Child][RunMessage] Error: Channel closing: too late to send/recv, messages will be lost

1603577463122	Marionette	WARN	TLS certificate errors will be ignored for this session
[Child 15972, Chrome_ChildThread] WARNING: pipe error: 232: file /builds/worker/checkouts/gecko/ipc/chromium/src/chrome/common/ipc_channel_win.cc, line 545
JavaScript error: , line 0: uncaught exception: Object
1603716106284	Marionette	INFO	Stopped listening on port 52283

###!!! [Child][RunMessage] Error: Channel closing: too late to send/recv, messages will be lost

\\Users\\irisl\\AppData\\Local\\Temp\\rust_mozprofileyHrYie"
JavaScript error: resource://gre/modules/XULStore.jsm, line 66: Error: Can't find profile directory.
console.warn: SearchSettings: "get: No settings file exists, new profile?" (new Error("", "(unknown module)"))
1603577710406	Marionette	INFO	Listening on port 52483
1603577710610	Marionette	WARN	TLS certificate errors will be ignored for this session
JavaScript error: resource://gre/modules/XULStore.jsm, line 66: Error: Can't find profile directory.
JavaScript error: resource://gre/modules/XULStore.jsm, line 66: Error: Can't find profile directory.
JavaScript error: resource://gre/modules/XULStore.jsm, line 66: Error: Can't find profile directory.
JavaScript error: resource://gre/modules/XULStore.jsm, line 66: Error: Can't find profile directory.
[GFX1-]: Killing GPU process due to IPC reply timeout
[Parent 12712, Gecko_IOThread] WARNING: pipe error: 232: file /builds/worker/checkouts/gecko/ipc/chromium/src/chrome/common/ipc_channel_win.cc, line 545
[GFX1-]: Receive IPC close with reason=AbnormalShutdown
[GFX1-]: Receive IPC close with reason=AbnormalShutdown
[GFX1-]: Receive IPC close with reason=AbnormalShutdown
[GFX1-]: Receive IPC close with reason=AbnormalShutdown
[Parent 12712, Main Thread] WARNING: base::KillProcess refusing to terminate process handle 0: file /builds/worker/checkouts/gecko/ipc/chromium/src/base/process_util_win.cc, line 401

###!!! [Child][MessageChannel] Error: (msgtype=0x600015,name=PLayerTransaction::Msg_ClearCachedResources) Channel error: cannot send/recv


###!!! [Child][MessageChannel] Error: (msgtype=0x9F0003,name=PTexture::Msg_Destroy) Channel error: cannot send/recv


###!!! [Child][MessageChannel] Error: (msgtype=0x600006,name=PLayerTransaction::Msg_ReleaseCompositable) Channel error: cannot send/recv


###!!! [Child][MJavaScript error: resource:///actors/LightweightThemeChild.jsm, line 28: TypeError: this.docShell is null
JavaScript error: resource:///actors/LightweightThemeChild.jsm, line 28: TypeError: this.docShell is null
JavaScript error: resource:///actors/LightweightThemeChild.jsm, line 28: TypeError: this.docShell is null
console.error: (new Error("SessionFile is closed", "resource:///modules/sessionstore/SessionFile.jsm", 433))
1603716058619	Marionette	INFO	Stopped listening on port 52774

###!!! [Child][MessageChannel::SendAndWait] Error: Channel error: cannot send/recv

Msg_Destroy) Channel error: cannot send/recv


###!!! [Child][MessageChannel::SendAndWait] Error: (msgtype=0x350019,name=PCompositorBridge::Msg_WillClose) Channel error: cannot send/recv


###!!! [Child][MessageChannel] Error: (msgtype=0x600015,name=PLayerTransaction::Msg_ClearCachedResources) Channel error: cannot send/recv


###!!! [Child][MessageChannel] Error: (msgtype=0x600020,name=PLayerTransaction::Msg_Shutdown) Channel error: cannot send/recv[Parent 10924, Gecko_IOThread] WARNING: file /builds/worker/checkouts/gecko/ipc/chromium/src/base/process_util_win.cc, line 166
console.error: (new Error("SessionFile is closed", "resource:///modules/sessionstore/SessionFile.jsm", 433))
1603593779255	Marionette	INFO	Stopped listening on port 53012
ception: Object

###!!! [Child][MessageChannel] Error: (msgtype=0x590005,name=PHttpChannel::Msg_Cancel) Channel closing: too late to send/recv, messages will be lost


###!!! [Child][MessageChannel] Error: (msgtype=0x59000A,name=PHttpChannel::Msg_DeletingChannel) Channel closing: too late to send/recv, messages will be lost

console.error: (new Error("SessionFile is closed", "resource:///modules/sessionstore/SessionFile.jsm", 433))
1603716084857	Marionette	INFO	Stopped listening on port 52483
pt error: resource://gre/modules/XULStore.jsm, line 66: Error: Can't find profile directory.
1603578653123	Marionette	INFO	Listening on port 53228
1603578655207	Marionette	WARN	TLS certificate errors will be ignored for this session
JavaScript error: resource:///actors/LightweightThemeChild.jsm, line 28: TypeError: this.docShell is null
JavaScript error: resource:///actors/LightweightThemeChild.jsm, line 28: TypeError: this.docShell is null
JavaScript error: resource:///actors/LightweightThemeChild.jsm, line 28: TypeError: this.docShell is null
A content process crashed and MOZ_CRASHREPORTER_SHUTDOWN is set, shutting down
console.error: (new Error("SessionFile is closed", "resource:///modules/sessionstore/SessionFile.jsm", 433))
JavaScript error: resource:///modules/sessionstore/SessionStore.jsm, line 2274: TypeError: subject.QueryInterface is not a function
JavaScript error: resource:///modules/sessionstore/SessionStore.jsm, line 2274: TypeError: subject.QueryInterface is not a function
JavaScript error: resource:///modules/sessionstore/SessionStore.jsm, line 2274: TypeError: subject.QueryInterface is not a function
A content process crashed and MOZ_CRASHREPORTER_SHUTDOWN is set, shutting down
1603593647107	Marionette	INFO	Stopped listening on port 53228
Gecko_IOThread] WARNING: pipe error: 232: file /builds/worker/checkouts/gecko/ipc/chromium/src/chrome/common/ipc_channel_win.cc, line 545
JavaScript error: resource:///modules/sessionstore/SessionStore.jsm, line 2274: TypeError: subject.QueryInterface is not a function
A content process crashed and MOZ_CRASHREPORTER_SHUTDOWN is set, shutting down
1603586003777	Marionette	INFO	Stopped listening on port 53444
ess_util_win.cc, line 166
A content process crashed and MOZ_CRASHREPORTER_SHUTDOWN is set, shutting down
[GFX1-]: WMF VPX decoder just crashed; hardware video will be disabled.
1603579189790	Marionette	INFO	Listening on port 53677
console.warn: services.settings: main/message-groups sync interrupted by shutdown
1603579197598	Marionette	INFO	Stopped listening on port 53677

###!!! [Child][RunMessage] Error: Channel closing: too late to send/recv, messages will be lost

1603579457309	geckodriver	INFO	Listening on 127.0.0.1:53913
1603579461053	mozrunner::runner	INFO	Running command: "C:\\Program Files\\Mozilla Firefox\\firefox.exe" "--marionette" "-foreground" "-no-remote" "-profile" "C:\\Users\\irisl\\AppData\\Local\\Temp\\rust_mozprofilecd83PN"
JavaScript error: resource://gre/modules/XULStore.jsm, line 66: Error: Can't find profile directory.
console.warn: SearchSettings: "get: No settings file exists, new profile?" (new Error("", "(unknown module)"))
1603579507522	Marionette	INFO	Listening on port 53923
1603579509070	Marionette	WARN	TLS certificate errors will be ignored for this session
JavaScript error: , line 0: uncaught exception: Object
A content process crashed and MOZ_CRASHREPORTER_SHUTDOWN is set, shutting down
[Parent 20696, Gecko_IOThread] WARNING: file /builds/worker/checkouts/gecko/ipc/chromium/src/base/process_util_win.cc, line 166
console.error: (new Error("SessionFile is closed", "resource:///modules/sessionstore/SessionFile.jsm", 433))
1603585130487	Marionette	INFO	Stopped listening on port 53923
ists, new profile?" (new Error("", "(unknown module)"))
A content process crashed and MOZ_CRASHREPORTER_SHUTDOWN is set, shutting down
[GFX1-]: WMF VPX decoder just crashed; hardware video will be disabled.
console.warn: services.settings: main/message-groups sync interrupted by shutdown
console.warn: services.settings: main/cfr-fxa sync interrupted by shutdown
console.warn: SearchService: "_init: abandoning init due to shutting down"
JavaScript error: , line 0: uncaught exception: 2147500036
JavaScript error: , line 0: uncaught exception: 2147500036
JavaScript error: , line 0: uncaught exception: 2147500036
JavaScript error: , line 0: uncaught exception: 2147500036
JavaScript error: , line 0: uncaught exception: 2147500036
console.warn: services.settings: main/cfr sync interrupted by shutdown
[Parent 21296, Gecko_IOThread] WARNING: file /builds/worker/checkouts/gecko/ipc/chromium/src/base/process_util_win.cc, line 166
1603580297354	Marionette	INFO	Listening on port 54386
console.warn: services.settings: main/message-groups sync interrupted by shutdown
*** UTM:SVC TimerManager:registerTimer called after profile-before-change notification. Ignoring timer registration for id: telemetry_modules_ping
*** UTM:SVC TimerManager:registerTimer called after profile-before-change notification. Ignoring timer registration for id: telemetry_untrustedmodules_ping
1603580304388	Marionette	INFO	Stopped listening on port 54386

###!!! [Child][RunMessage] Error: Channel closing: too late to send/recv, messages will be lost

JavaScript error: resource:///modules/sessionstore/SessionStore.jsm, line 5336: NS_ERROR_UNEXPECTED: Component returned failure code: 0x8000ffff (NS_ERROR_UNEXPECTED) [nsIWindowMediator.getEnumerator]
JavaScript error: resource:///modules/EveryWindow.jsm, line 37: NS_ERROR_UNEXPECTED: Component returned failure code: 0x8000ffff (NS_ERROR_UNEXPECTED) [nsIWindowMediator.getEnumerator]
1603580333885	geckodriver	INFO	Listening on 127.0.0.1:54453
1603580342912	mozrunner::runner	INFO	Running command: "C:\\Program Files\\Mozilla Firefox\\firefox.exe" "--marionette" "-foreground" "-no-remote" "-profile" "C:\\Users\\irisl\\AppData\\Local\\Temp\\rust_mozprofile4JbGKL"
console.warn: SearchSettings: "get: No settings file exists, new profile?" (new Error("", "(unknown module)"))
JavaScript error: resource://gre/modules/XULStore.jsm, line 66: Error: Can't find profile directory.
JavaScript error: resource://gre/modules/XULStore.jsm, line 66: Error: Can't find profile directory.
JavaScript error: resource://gre/modules/XULStore.jsm, line 66: Error: Can't find profile directory.
JavaScript error: resource://gre/modules/XULStore.jsm, line 66: Error: Can't find profile directory.
JavaScript error: resource://gre/modules/XULStore.jsm, line 66: Error: Can't find profile directory.
1603580394180	Marionette	INFO	Listening on port 54462
1603580394907	Marionette	WARN	TLS certificate errors will be ignored for this session
1603583887137	Marionette	INFO	Stopped listening on port 54462

###!!! [Child][MessageChannel::SendAndWait] Error: Channel error: cannot send/recv

firefox.exe" "--marionette" "-foreground" "-no-remote" "-profile" "C:\\Users\\irisl\\AppData\\Local\\Temp\\rust_mozprofilek8s1qW"
JavaScript error: resource://gre/modules/XULStore.jsm, line 66: Error: Can't find profile directory.
console.warn: SearchSettings: "get: No settings file exists, new profile?" (new Error("", "(unknown module)"))
console.error: Region.jsm: "Error fetching region" (new AbortError("The operation was aborted. ", (void 0), 697))
console.error: Region.jsm: "Failed to fetch region" (new Error("NO_RESULT", "resource://gre/modules/Region.jsm", 351))
[Parent 10436, Gecko_IOThread] WARNING: file /builds/worker/checkouts/gecko/ipc/chromium/src/base/process_util_win.cc, line 166
1603580629125	Marionette	INFO	Listening on port 54596
1603580630413	Marionette	WARN	TLS certificate errors will be ignored for this session
JavaScript error: resource://gre/modules/XULStore.jsm, line 66: Error: Can't find profile directory.
JavaScript error: resource://gre/modules/XULStore.jsm, line 66: Error: Can't find profile directory.
JavaScript error: resource://gre/modules/XULStore.jsm, line 66: Error: Can't find profile directory.
JavaScript error: resource://gre/modules/XULStore.jsm, line 66: Error: Can't find profile directory.
A content process crashed and MOZ_CRASHREPORTER_SHUTDOWN is set, shutting down
A content process crashed and MOZ_CRASHREPORTER_SHUTDOWN is set, shutting down
console.error: (new Error("SessionFile is closed", "resource:///modules/sessionstore/SessionFile.jsm", 433))
1603583868784	Marionette	INFO	Stopped listening on port 54596
1604010019711	geckodriver	INFO	Listening on 127.0.0.1:64771
1604010027353	mozrunner::runner	INFO	Running command: "C:\\Program Files\\Mozilla Firefox\\firefox.exe" "--marionette" "-foreground" "-no-remote" "-profile" "C:\\Users\\irisl\\AppData\\Local\\Temp\\rust_mozprofilelirwDL"
console.warn: SearchSettings: "get: No settings file exists, new profile?" (new Error("", "(unknown module)"))
1604010171453	Marionette	INFO	Listening on port 64780
1604010444852	Marionette	INFO	Stopped listening on port 64780

###!!! [Child][RunMessage] Error: Channel closing: too late to send/recv, messages will be lost


###!!! [Child][MessageChannel::SendAndWait] Error: Channel error: cannot send/recv

Temp\\rust_mozprofileRs2MQe"
JavaScript error: resource://gre/modules/XULStore.jsm, line 66: Error: Can't find profile directory.
console.warn: SearchSettings: "get: No settings file exists, new profile?" (new Error("", "(unknown module)"))
JavaScript error: resource://gre/modules/XULStore.jsm, line 66: Error: Can't find profile directory.
JavaScript error: resource://gre/modules/XULStore.jsm, line 66: Error: Can't find profile directory.
JavaScript error: resource://gre/modules/XULStore.jsm, line 66: Error: Can't find profile directory.
JavaScript error: resource://gre/modules/XULStore.jsm, line 66: Error: Can't find profile directory.
1604010244193	Marionette	INFO	Listening on port 64861
[Parent 2604, Gecko_IOThread] WARNING: file /builds/worker/checkouts/gecko/ipc/chromium/src/base/process_util_win.cc, line 166
1604010358785	Marionette	INFO	Stopped listening on port 64861

###!!! [Child][RunMessage] Error: Channel closing: too late to send/recv, messages will be lost

1604010449056	geckodriver	INFO	Listening on 127.0.0.1:64983
1604010452901	mozrunner::runner	INFO	Running command: "C:\\Program Files\\Mozilla Firefox\\firefox.exe" "--marionette" "-foreground" "-no-remote" "-profile" "C:\\Users\\irisl\\AppData\\Local\\Temp\\rust_mozprofilekbNTjA"
JavaScript error: resource://gre/modules/XULStore.jsm, line 66: Error: Can't find profile directory.
console.warn: SearchSettings: "get: No settings file exists, new profile?" (new Error("", "(unknown module)"))
JavaScript error: resource://gre/modules/XULStore.jsm, line 66: Error: Can't find profile directory.
JavaScript error: resource://gre/modules/XULStore.jsm, line 66: Error: Can't find profile directory.
JavaScript error: resource://gre/modules/XULStore.jsm, line 66: Error: Can't find profile directory.
JavaScript error: resource://gre/modules/XULStore.jsm, line 66: Error: Can't find profile directory.
1604010489425	Marionette	INFO	Listening on port 64991
1604010490491	Marionette	WARN	TLS certificate errors will be ignored for this session
